[    1246ms] [ERROR] Failed to load resource: the server responded with a status of 404 () @ https://auth.retellai.com/favicon.ico:0
[   16322ms] [ERROR] Attestation check for Attribution Reporting on https://www.google-analytics.com failed. @ https://auth.retellai.com/u/login/identifier?state=hKFo2SAwWmFOY2dmLWxjaExpdENaR2lGemVtUnpTOFdaZ0JCZ6Fur3VuaXZlcnNhbC1sb2dpbqN0aWTZIHlVakJJbWY0cVhKZ3hSVlVsci1FQTMwOUVLeXRSYWhXo2NpZNkgTG9paTNYbEZiRXRnOUppazFMYkJaT2VZemEyMHJKYUY:0
[   16323ms] [ERROR] Attestation check for Attribution Reporting on https://www.google-analytics.com failed. @ https://auth.retellai.com/u/login/identifier?state=hKFo2SAwWmFOY2dmLWxjaExpdENaR2lGemVtUnpTOFdaZ0JCZ6Fur3VuaXZlcnNhbC1sb2dpbqN0aWTZIHlVakJJbWY0cVhKZ3hSVlVsci1FQTMwOUVLeXRSYWhXo2NpZNkgTG9paTNYbEZiRXRnOUppazFMYkJaT2VZemEyMHJKYUY:0
[   25165ms] [ERROR] Attestation check for Attribution Reporting on https://www.google-analytics.com failed. @ https://auth.retellai.com/u/login/password?state=hKFo2SAwWmFOY2dmLWxjaExpdENaR2lGemVtUnpTOFdaZ0JCZ6Fur3VuaXZlcnNhbC1sb2dpbqN0aWTZIHlVakJJbWY0cVhKZ3hSVlVsci1FQTMwOUVLeXRSYWhXo2NpZNkgTG9paTNYbEZiRXRnOUppazFMYkJaT2VZemEyMHJKYUY:0
[   25196ms] [ERROR] Attestation check for Attribution Reporting on https://www.google-analytics.com failed. @ https://auth.retellai.com/u/login/password?state=hKFo2SAwWmFOY2dmLWxjaExpdENaR2lGemVtUnpTOFdaZ0JCZ6Fur3VuaXZlcnNhbC1sb2dpbqN0aWTZIHlVakJJbWY0cVhKZ3hSVlVsci1FQTMwOUVLeXRSYWhXo2NpZNkgTG9paTNYbEZiRXRnOUppazFMYkJaT2VZemEyMHJKYUY:0
[   85283ms] [ERROR] Attestation check for Attribution Reporting on https://www.google-analytics.com failed. @ https://auth.retellai.com/u/mfa-sms-challenge?state=hKFo2SBuZjR3WEE5YUtydEctZjVuMWctNTFjTzA1M1ZDajdyQqFusG1mYS1hdXRoZW50aWNhdGWjdGlk2SB5VWpCSW1mNHFYSmd4UlZVbHItRUEzMDlFS3l0UmFoV6NjaWTZIExvaWkzWGxGYkV0ZzlKaWsxTGJCWk9lWXphMjBySmFG:0
[   85283ms] [ERROR] Attestation check for Attribution Reporting on https://www.google-analytics.com failed. @ https://auth.retellai.com/u/mfa-sms-challenge?state=hKFo2SBuZjR3WEE5YUtydEctZjVuMWctNTFjTzA1M1ZDajdyQqFusG1mYS1hdXRoZW50aWNhdGWjdGlk2SB5VWpCSW1mNHFYSmd4UlZVbHItRUEzMDlFS3l0UmFoV6NjaWTZIExvaWkzWGxGYkV0ZzlKaWsxTGJCWk9lWXphMjBySmFG:0
[   86379ms] [WARNING] [DEPRECATED] Default export is deprecated. Instead use `import { create } from 'zustand'`. @ https://dashboard.retellai.com/_next/static/chunks/6140-61531211a430cb7b.js:0
[   86597ms] [ERROR] Failed to load resource: the server responded with a status of 401 () @ https://api.retellai.com/get-org-config:0
[   86674ms] Error: Unauthorized: Invalid JWT
    at c (https://dashboard.retellai.com/_next/static/chunks/1963-201ae6fdac843892.js:1:480891)
    at tS (https://dashboard.retellai.com/_next/static/chunks/1963-201ae6fdac843892.js:1:534613)
    at async loadOrgConfig (https://dashboard.retellai.com/_next/static/chunks/app/layout-b089615e2a1a5c0a.js:1:72359)
[   86687ms] [ERROR] [LC Tracking ERROR] Required data-tracking-id attribute not found @ https://go.retellai.com/js/external-tracking.js:0
[   86687ms] [ERROR] [LC Tracking ERROR] Please add data-tracking-id="your-tracking-id" to the script tag @ https://go.retellai.com/js/external-tracking.js:0
[   86687ms] [ERROR] [LC Tracking ERROR] Failed to initialize: invalid or missing script attributes @ https://go.retellai.com/js/external-tracking.js:0
[   86687ms] [ERROR] [LC Tracking ERROR] External Tracking failed to initialize @ https://go.retellai.com/js/external-tracking.js:0
[   86687ms] [ERROR] [LC Tracking ERROR] Make sure to include data-tracking-id in your script tag @ https://go.retellai.com/js/external-tracking.js:0
[   87527ms] [WARNING] An iframe which has both allow-scripts and allow-same-origin for its sandbox attribute can escape its sandboxing. @ https://cdn.announcekit.app/widget-v2.js:0
[   87619ms] [WARNING] [DEPRECATED] Default export is deprecated. Instead use `import { create } from 'zustand'`. @ https://us-assets.i.posthog.com/static/posthog-recorder.js?v=1.260.3:0
[   87624ms] [WARNING] [DEPRECATED] Default export is deprecated. Instead use `import { create } from 'zustand'`. @ https://us-assets.i.posthog.com/static/posthog-recorder.js?v=1.260.3:0
[   87625ms] [WARNING] [DEPRECATED] Default export is deprecated. Instead use `import { create } from 'zustand'`. @ https://us-assets.i.posthog.com/static/posthog-recorder.js?v=1.260.3:0
[   87657ms] [ERROR] Attestation check for Attribution Reporting on https://www.google-analytics.com failed. @ https://dashboard.retellai.com/:0
[   96835ms] [ERROR] Access to fetch at 'https://api-js.mixpanel.com/record/?%24current_url=https%3A%2F%2Fdashboard.retellai.com%2F&%24lib_version=2.69.0&batch_start_time=1770788161.729&mp_lib=web&replay_id=718bd720-6b4d-4b2d-8672-2d9560e2cfd4&replay_length_ms=3652&replay_start_time=1770788161.729&replay_start_url=https%3A%2F%2Fdashboard.retellai.com%2F&seq=0&distinct_id=org_ZhV3GOaQczrYy3Sm&%24device_id=49d7d167-db6c-4711-8ffd-19bae7d7eca0&%24user_id=org_ZhV3GOaQczrYy3Sm&format=gzip' from origin 'https://dashboard.retellai.com' has been blocked by CORS policy: No 'Access-Control-Allow-Origin' header is present on the requested resource. @ https://dashboard.retellai.com/agents:0
[   96836ms] [ERROR] Failed to load resource: net::ERR_FAILED @ https://api-js.mixpanel.com/record/?%24current_url=https%3A%2F%2Fdashboard.retellai.com%2F&%24lib_version=2.69.0&batch_start_time=1770788161.729&mp_lib=web&replay_id=718bd720-6b4d-4b2d-8672-2d9560e2cfd4&replay_length_ms=3652&replay_start_time=1770788161.729&replay_start_url=https%3A%2F%2Fdashboard.retellai.com%2F&seq=0&distinct_id=org_ZhV3GOaQczrYy3Sm&%24device_id=49d7d167-db6c-4711-8ffd-19bae7d7eca0&%24user_id=org_ZhV3GOaQczrYy3Sm&format=gzip:0
